{"/Users/renanlima/react-unit-testing/src/components/list.tsx": {"path":"/Users/renanlima/react-unit-testing/src/components/list.tsx","all":false,"statementMap":{"0":{"start":{"line":1,"column":0},"end":{"line":1,"column":32}},"1":{"start":{"line":2,"column":0},"end":{"line":2,"column":0}},"2":{"start":{"line":3,"column":0},"end":{"line":3,"column":18}},"3":{"start":{"line":4,"column":0},"end":{"line":4,"column":26}},"4":{"start":{"line":5,"column":0},"end":{"line":5,"column":1}},"5":{"start":{"line":6,"column":0},"end":{"line":6,"column":0}},"6":{"start":{"line":7,"column":0},"end":{"line":7,"column":43}},"7":{"start":{"line":8,"column":0},"end":{"line":8,"column":45}},"8":{"start":{"line":9,"column":0},"end":{"line":9,"column":48}},"9":{"start":{"line":10,"column":0},"end":{"line":10,"column":0}},"10":{"start":{"line":11,"column":0},"end":{"line":11,"column":24}},"11":{"start":{"line":12,"column":0},"end":{"line":12,"column":22}},"12":{"start":{"line":13,"column":0},"end":{"line":13,"column":43}},"13":{"start":{"line":14,"column":0},"end":{"line":14,"column":11}},"14":{"start":{"line":15,"column":0},"end":{"line":15,"column":3}},"15":{"start":{"line":16,"column":0},"end":{"line":16,"column":0}},"16":{"start":{"line":17,"column":0},"end":{"line":17,"column":38}},"17":{"start":{"line":18,"column":0},"end":{"line":18,"column":22}},"18":{"start":{"line":19,"column":0},"end":{"line":19,"column":56}},"19":{"start":{"line":20,"column":0},"end":{"line":20,"column":11}},"20":{"start":{"line":21,"column":0},"end":{"line":21,"column":3}},"21":{"start":{"line":22,"column":0},"end":{"line":22,"column":0}},"22":{"start":{"line":23,"column":0},"end":{"line":23,"column":10}},"23":{"start":{"line":24,"column":0},"end":{"line":24,"column":6}},"24":{"start":{"line":25,"column":0},"end":{"line":25,"column":110}},"25":{"start":{"line":26,"column":0},"end":{"line":26,"column":52}},"26":{"start":{"line":27,"column":0},"end":{"line":27,"column":10}},"27":{"start":{"line":28,"column":0},"end":{"line":28,"column":35}},"28":{"start":{"line":29,"column":0},"end":{"line":29,"column":13}},"29":{"start":{"line":30,"column":0},"end":{"line":30,"column":68}},"30":{"start":{"line":31,"column":0},"end":{"line":31,"column":15}},"31":{"start":{"line":32,"column":0},"end":{"line":32,"column":11}},"32":{"start":{"line":33,"column":0},"end":{"line":33,"column":7}},"33":{"start":{"line":34,"column":0},"end":{"line":34,"column":3}},"34":{"start":{"line":35,"column":0},"end":{"line":35,"column":1}},"35":{"start":{"line":36,"column":0},"end":{"line":36,"column":0}},"36":{"start":{"line":37,"column":0},"end":{"line":37,"column":19}}},"s":{"0":1,"1":1,"2":1,"3":1,"4":1,"5":1,"6":9,"7":9,"8":9,"9":9,"10":9,"11":1,"12":1,"13":1,"14":1,"15":9,"16":9,"17":1,"18":1,"19":1,"20":1,"21":9,"22":9,"23":9,"24":9,"25":9,"26":9,"27":9,"28":9,"29":9,"30":9,"31":9,"32":9,"33":9,"34":9,"35":1,"36":1},"branchMap":{"0":{"type":"branch","line":37,"loc":{"start":{"line":37,"column":0},"end":{"line":37,"column":15}},"locations":[{"start":{"line":37,"column":0},"end":{"line":37,"column":15}}]},"1":{"type":"branch","line":7,"loc":{"start":{"line":7,"column":0},"end":{"line":35,"column":1}},"locations":[{"start":{"line":7,"column":0},"end":{"line":35,"column":1}}]},"2":{"type":"branch","line":11,"loc":{"start":{"line":11,"column":2},"end":{"line":15,"column":3}},"locations":[{"start":{"line":11,"column":2},"end":{"line":15,"column":3}}]},"3":{"type":"branch","line":12,"loc":{"start":{"line":12,"column":15},"end":{"line":14,"column":5}},"locations":[{"start":{"line":12,"column":15},"end":{"line":14,"column":5}}]},"4":{"type":"branch","line":13,"loc":{"start":{"line":13,"column":14},"end":{"line":13,"column":43}},"locations":[{"start":{"line":13,"column":14},"end":{"line":13,"column":43}}]},"5":{"type":"branch","line":17,"loc":{"start":{"line":17,"column":2},"end":{"line":21,"column":3}},"locations":[{"start":{"line":17,"column":2},"end":{"line":21,"column":3}}]},"6":{"type":"branch","line":18,"loc":{"start":{"line":18,"column":15},"end":{"line":20,"column":5}},"locations":[{"start":{"line":18,"column":15},"end":{"line":20,"column":5}}]},"7":{"type":"branch","line":19,"loc":{"start":{"line":19,"column":14},"end":{"line":19,"column":55}},"locations":[{"start":{"line":19,"column":14},"end":{"line":19,"column":55}}]},"8":{"type":"branch","line":19,"loc":{"start":{"line":19,"column":36},"end":{"line":19,"column":54}},"locations":[{"start":{"line":19,"column":36},"end":{"line":19,"column":54}}]},"9":{"type":"branch","line":25,"loc":{"start":{"line":25,"column":75},"end":{"line":25,"column":106}},"locations":[{"start":{"line":25,"column":75},"end":{"line":25,"column":106}}]},"10":{"type":"branch","line":28,"loc":{"start":{"line":28,"column":18},"end":{"line":28,"column":35}},"locations":[{"start":{"line":28,"column":18},"end":{"line":28,"column":35}}]},"11":{"type":"branch","line":30,"loc":{"start":{"line":30,"column":27},"end":{"line":30,"column":50}},"locations":[{"start":{"line":30,"column":27},"end":{"line":30,"column":50}}]}},"b":{"0":[3],"1":[9],"2":[1],"3":[1],"4":[1],"5":[1],"6":[1],"7":[1],"8":[4],"9":[4],"10":[12],"11":[1]},"fnMap":{"0":{"name":"get","decl":{"start":{"line":37,"column":0},"end":{"line":37,"column":15}},"loc":{"start":{"line":37,"column":0},"end":{"line":37,"column":15}},"line":37},"1":{"name":"List","decl":{"start":{"line":7,"column":0},"end":{"line":35,"column":1}},"loc":{"start":{"line":7,"column":0},"end":{"line":35,"column":1}},"line":7},"2":{"name":"addToList","decl":{"start":{"line":11,"column":2},"end":{"line":15,"column":3}},"loc":{"start":{"line":11,"column":2},"end":{"line":15,"column":3}},"line":11},"3":{"name":"removeFromList","decl":{"start":{"line":17,"column":2},"end":{"line":21,"column":3}},"loc":{"start":{"line":17,"column":2},"end":{"line":21,"column":3}},"line":17},"4":{"name":"onChange","decl":{"start":{"line":25,"column":75},"end":{"line":25,"column":106}},"loc":{"start":{"line":25,"column":75},"end":{"line":25,"column":106}},"line":25},"5":{"name":"onClick","decl":{"start":{"line":30,"column":27},"end":{"line":30,"column":50}},"loc":{"start":{"line":30,"column":27},"end":{"line":30,"column":50}},"line":30}},"f":{"0":3,"1":9,"2":1,"3":1,"4":4,"5":1}}
}
