TN:
SF:src/components/list.tsx
FN:37,get
FN:7,List
FN:11,addToList
FN:17,removeFromList
FN:25,onChange
FN:30,onClick
FNF:6
FNH:6
FNDA:3,get
FNDA:9,List
FNDA:1,addToList
FNDA:1,removeFromList
FNDA:4,onChange
FNDA:1,onClick
DA:1,1
DA:2,1
DA:3,1
DA:4,1
DA:5,1
DA:6,1
DA:7,9
DA:8,9
DA:9,9
DA:10,9
DA:11,9
DA:12,1
DA:13,1
DA:14,1
DA:15,1
DA:16,9
DA:17,9
DA:18,1
DA:19,1
DA:20,1
DA:21,1
DA:22,9
DA:23,9
DA:24,9
DA:25,9
DA:26,9
DA:27,9
DA:28,9
DA:29,9
DA:30,9
DA:31,9
DA:32,9
DA:33,9
DA:34,9
DA:35,9
DA:36,1
DA:37,1
LF:37
LH:37
BRDA:37,0,0,3
BRDA:7,1,0,9
BRDA:11,2,0,1
BRDA:12,3,0,1
BRDA:13,4,0,1
BRDA:17,5,0,1
BRDA:18,6,0,1
BRDA:19,7,0,1
BRDA:19,8,0,4
BRDA:25,9,0,4
BRDA:28,10,0,12
BRDA:30,11,0,1
BRF:12
BRH:12
end_of_record
